[Trace - 16:31:44] Sending notification 'window/showMessage'.
Params: {"jsonrpc":"2.0","method":"window/showMessage","params":{"type":2,"message":"VLS is a work-in-progress, pre-alpha language server. It may not be guaranteed to work reliably due to memory issues and other related factors. We encourage you to submit an issue if you encounter any problems."}}

[Trace - 16:31:44] Received request 'initialize - (0)'.
Params: {"jsonrpc":"2.0","id":0,"method":"initialize","params":{"processId":55349,"clientInfo":{"name":"Visual Studio Code - Insiders","version":"1.64.0-insider"},"locale":"en-gb","rootPath":"/Users/despiegk/code/github/threefoldfoundation/info_threefold_pub","rootUri":"file:///Users/despiegk/code/github/threefoldfoundation/info_threefold_pub","capabilities":{"workspace":{"applyEdit":true,"workspaceEdit":{"documentChanges":true,"resourceOperations":["create","rename","delete"],"failureHandling":"textOnlyTransactional","normalizesLineEndings":true,"changeAnnotationSupport":{"groupsOnLabel":true}},"didChangeConfiguration":{"dynamicRegistration":true},"didChangeWatchedFiles":{"dynamicRegistration":true},"symbol":{"dynamicRegistration":true,"symbolKind":{"valueSet":[1,2,3,4,5,6,7,8,9,10,11,12,13,14,15,16,17,18,19,20,21,22,23,24,25,26]},"tagSupport":{"valueSet":[1]}},"codeLens":{"refreshSupport":true},"executeCommand":{"dynamicRegistration":true},"configuration":true,"workspaceFolders":true,"semanticTokens":{"refreshSupport":true},"fileOperations":{"dynamicRegistration":true,"didCreate":true,"didRename":true,"didDelete":true,"willCreate":true,"willRename":true,"willDelete":true}},"textDocument":{"publishDiagnostics":{"relatedInformation":true,"versionSupport":false,"tagSupport":{"valueSet":[1,2]},"codeDescriptionSupport":true,"dataSupport":true},"synchronization":{"dynamicRegistration":true,"willSave":true,"willSaveWaitUntil":true,"didSave":true},"completion":{"dynamicRegistration":true,"contextSupport":true,"completionItem":{"snippetSupport":true,"commitCharactersSupport":true,"documentationFormat":["markdown","plaintext"],"deprecatedSupport":true,"preselectSupport":true,"tagSupport":{"valueSet":[1]},"insertReplaceSupport":true,"resolveSupport":{"properties":["documentation","detail","additionalTextEdits"]},"insertTextModeSupport":{"valueSet":[1,2]}},"completionItemKind":{"valueSet":[1,2,3,4,5,6,7,8,9,10,11,12,13,14,15,16,17,18,19,20,21,22,23,24,25]}},"hover":{"dynamicRegistration":true,"contentFormat":["markdown","plaintext"]},"signatureHelp":{"dynamicRegistration":true,"signatureInformation":{"documentationFormat":["markdown","plaintext"],"parameterInformation":{"labelOffsetSupport":true},"activeParameterSupport":true},"contextSupport":true},"definition":{"dynamicRegistration":true,"linkSupport":true},"references":{"dynamicRegistration":true},"documentHighlight":{"dynamicRegistration":true},"documentSymbol":{"dynamicRegistration":true,"symbolKind":{"valueSet":[1,2,3,4,5,6,7,8,9,10,11,12,13,14,15,16,17,18,19,20,21,22,23,24,25,26]},"hierarchicalDocumentSymbolSupport":true,"tagSupport":{"valueSet":[1]},"labelSupport":true},"codeAction":{"dynamicRegistration":true,"isPreferredSupport":true,"disabledSupport":true,"dataSupport":true,"resolveSupport":{"properties":["edit"]},"codeActionLiteralSupport":{"codeActionKind":{"valueSet":["","quickfix","refactor","refactor.extract","refactor.inline","refactor.rewrite","source","source.organizeImports"]}},"honorsChangeAnnotations":false},"codeLens":{"dynamicRegistration":true},"formatting":{"dynamicRegistration":true},"rangeFormatting":{"dynamicRegistration":true},"onTypeFormatting":{"dynamicRegistration":true},"rename":{"dynamicRegistration":true,"prepareSupport":true,"prepareSupportDefaultBehavior":1,"honorsChangeAnnotations":true},"documentLink":{"dynamicRegistration":true,"tooltipSupport":true},"typeDefinition":{"dynamicRegistration":true,"linkSupport":true},"implementation":{"dynamicRegistration":true,"linkSupport":true},"colorProvider":{"dynamicRegistration":true},"foldingRange":{"dynamicRegistration":true,"rangeLimit":5000,"lineFoldingOnly":true},"declaration":{"dynamicRegistration":true,"linkSupport":true},"selectionRange":{"dynamicRegistration":true},"callHierarchy":{"dynamicRegistration":true},"semanticTokens":{"dynamicRegistration":true,"tokenTypes":["namespace","type","class","enum","interface","struct","typeParameter","parameter","variable","property","enumMember","event","function","method","macro","keyword","modifier","comment","string","number","regexp","operator"],"tokenModifiers":["declaration","definition","readonly","static","deprecated","abstract","async","modification","documentation","defaultLibrary"],"formats":["relative"],"requests":{"range":true,"full":{"delta":true}},"multilineTokenSupport":false,"overlappingTokenSupport":false},"linkedEditingRange":{"dynamicRegistration":true}},"window":{"showMessage":{"messageActionItem":{"additionalPropertiesSupport":true}},"showDocument":{"support":true},"workDoneProgress":true},"general":{"regularExpressions":{"engine":"ECMAScript","version":"ES2020"},"markdown":{"parser":"marked","version":"1.1.0"}}},"trace":"off","workspaceFolders":[{"uri":"file:///Users/despiegk/code/github/threefoldfoundation/info_threefold_pub","name":"info_threefold_pub"}]}}

[Trace - 16:31:44] Sending notification 'window/logMessage'.
Params: {"jsonrpc":"2.0","method":"window/logMessage","params":{"type":3,"message":"VLS Version: 0.0.1.8b9a431, OS: macos 64"}}

[Trace - 16:31:44] Sending notification 'window/logMessage'.
Params: {"jsonrpc":"2.0","method":"window/logMessage","params":{"type":3,"message":"VLS executable path: /usr/local/bin/vls"}}

[Trace - 16:31:44] Sending notification 'window/logMessage'.
Params: {"jsonrpc":"2.0","method":"window/logMessage","params":{"type":3,"message":"VLS build with V 24ba660"}}

[Trace - 16:31:44] Sending notification 'window/logMessage'.
Params: {"jsonrpc":"2.0","method":"window/logMessage","params":{"type":3,"message":"Client / Editor: Visual Studio Code - Insiders 1.64.0-insider"}}

[Trace - 16:31:44] Sending notification 'window/logMessage'.
Params: {"jsonrpc":"2.0","method":"window/logMessage","params":{"type":3,"message":"Using V path (VROOT): /Users/despiegk/_code/v"}}

[Trace - 16:31:44] Sending response 'initialize - (0)' took 148ms
Result: {"jsonrpc":"2.0","id":0,"result":{"capabilities":{"textDocumentSync":2,"hoverProvider":true,"completionProvider":{"resolveProvider":false,"triggerCharacters":["=",".",":","{",",","("," "]},"signatureHelpProvider":{"triggerCharacters":["("],"retriggerCharacters":[","," "]},"definitionProvider":true,"typeDefinitionProvider":false,"implementationProvider":true,"referencesProvider":false,"documentHighlightProvider":false,"documentSymbolProvider":true,"workspaceSymbolProvider":true,"codeActionProvider":false,"codeLensProvider":{"resolveProvider":false},"documentFormattingProvider":true,"documentOnTypeFormattingProvider":{"firstTriggerCharacter":"","moreTriggerCharacter":[]},"renameProvider":false,"documentLinkProvider":{"resolveProvider":false},"colorProvider":false,"declarationProvider":false,"executeCommandProvider":{"commands":[]},"foldingRangeProvider":true,"experimental":{}}}}

[Trace - 16:31:45] Received notification 'initialized'.
Params: {"jsonrpc":"2.0","method":"initialized","params":{}}

[Trace - 16:32:40] Received notification '$/setTrace'.
Params: {"jsonrpc":"2.0","method":"$/setTrace","params":{"value":"off"}}

[Trace - 16:33:25] Received notification '$/setTrace'.
Params: {"jsonrpc":"2.0","method":"$/setTrace","params":{"value":"off"}}

[Trace - 16:49:46] Received request 'shutdown - (1001)'.
Params: {"jsonrpc":"2.0","id":1001,"method":"shutdown"}

[Trace - 16:49:46] Sending response 'shutdown - (1001)' took 0ms
Result: {"jsonrpc":"2.0","id":1001,"result":"null"}

